0 info it worked if it ends with ok
1 verbose cli [ '/usr/bin/nodejs', '/usr/bin/npm', 'install', '-g', 'jslint' ]
2 info using npm@1.3.10
3 info using node@v0.10.25
4 verbose cache add [ 'jslint', null ]
5 verbose cache add name=undefined spec="jslint" args=["jslint",null]
6 verbose parsed url { protocol: null,
6 verbose parsed url   slashes: null,
6 verbose parsed url   auth: null,
6 verbose parsed url   host: null,
6 verbose parsed url   port: null,
6 verbose parsed url   hostname: null,
6 verbose parsed url   hash: null,
6 verbose parsed url   search: null,
6 verbose parsed url   query: null,
6 verbose parsed url   pathname: 'jslint',
6 verbose parsed url   path: 'jslint',
6 verbose parsed url   href: 'jslint' }
7 silly lockFile 606b7026-jslint jslint
8 verbose lock jslint /home/zackgolucky/.npm/606b7026-jslint.lock
9 silly lockFile 606b7026-jslint jslint
10 silly lockFile 606b7026-jslint jslint
11 verbose addNamed [ 'jslint', '' ]
12 verbose addNamed [ null, '*' ]
13 silly lockFile 564fcf84-jslint jslint@
14 verbose lock jslint@ /home/zackgolucky/.npm/564fcf84-jslint.lock
15 silly addNameRange { name: 'jslint', range: '*', hasData: false }
16 verbose url raw jslint
17 verbose url resolving [ 'https://registry.npmjs.org/', './jslint' ]
18 verbose url resolved https://registry.npmjs.org/jslint
19 info trying registry request attempt 1 at 03:10:21
20 http GET https://registry.npmjs.org/jslint
21 http 200 https://registry.npmjs.org/jslint
22 silly registry.get cb [ 200,
22 silly registry.get   { server: 'CouchDB/1.5.0 (Erlang OTP/R16B03)',
22 silly registry.get     etag: '"EFP7TSTUN9GTWH0W3WYXGARAV"',
22 silly registry.get     'content-type': 'application/json',
22 silly registry.get     'cache-control': 'max-age=60',
22 silly registry.get     'content-length': '102881',
22 silly registry.get     'accept-ranges': 'bytes',
22 silly registry.get     date: 'Sun, 04 Oct 2015 03:10:21 GMT',
22 silly registry.get     via: '1.1 varnish',
22 silly registry.get     age: '0',
22 silly registry.get     connection: 'keep-alive',
22 silly registry.get     'x-served-by': 'cache-ord1725-ORD',
22 silly registry.get     'x-cache': 'HIT',
22 silly registry.get     'x-cache-hits': '1',
22 silly registry.get     'x-timer': 'S1443928221.499649,VS0,VE72',
22 silly registry.get     vary: 'Accept' } ]
23 silly addNameRange number 2 { name: 'jslint', range: '*', hasData: true }
24 silly addNameRange versions [ 'jslint',
24 silly addNameRange   [ '0.0.2',
24 silly addNameRange     '0.0.3',
24 silly addNameRange     '0.1.0',
24 silly addNameRange     '0.1.1',
24 silly addNameRange     '0.1.2',
24 silly addNameRange     '0.1.3',
24 silly addNameRange     '0.1.4',
24 silly addNameRange     '0.1.5',
24 silly addNameRange     '0.1.6',
24 silly addNameRange     '0.1.8',
24 silly addNameRange     '0.1.9',
24 silly addNameRange     '0.1.10',
24 silly addNameRange     '0.1.11',
24 silly addNameRange     '0.2.0',
24 silly addNameRange     '0.2.1',
24 silly addNameRange     '0.2.2',
24 silly addNameRange     '0.2.3',
24 silly addNameRange     '0.2.4',
24 silly addNameRange     '0.2.5',
24 silly addNameRange     '0.2.6',
24 silly addNameRange     '0.2.7',
24 silly addNameRange     '0.2.8',
24 silly addNameRange     '0.2.9',
24 silly addNameRange     '0.2.10',
24 silly addNameRange     '0.2.11',
24 silly addNameRange     '0.3.0',
24 silly addNameRange     '0.3.1',
24 silly addNameRange     '0.3.2',
24 silly addNameRange     '0.3.3',
24 silly addNameRange     '0.3.4',
24 silly addNameRange     '0.4.0',
24 silly addNameRange     '0.4.1',
24 silly addNameRange     '0.5.0',
24 silly addNameRange     '0.5.1',
24 silly addNameRange     '0.5.2',
24 silly addNameRange     '0.6.1',
24 silly addNameRange     '0.6.2',
24 silly addNameRange     '0.6.4',
24 silly addNameRange     '0.6.5',
24 silly addNameRange     '0.6.6',
24 silly addNameRange     '0.7.0',
24 silly addNameRange     '0.7.1',
24 silly addNameRange     '0.7.2',
24 silly addNameRange     '0.7.3',
24 silly addNameRange     '0.8.0',
24 silly addNameRange     '0.8.1',
24 silly addNameRange     '0.9.0-pre002',
24 silly addNameRange     '0.9.0-pre003',
24 silly addNameRange     '0.9.0-pre004',
24 silly addNameRange     '0.9.0-pre005',
24 silly addNameRange     '0.9.0-pre006',
24 silly addNameRange     '0.9.0',
24 silly addNameRange     '0.9.1',
24 silly addNameRange     '0.9.2',
24 silly addNameRange     '0.9.3' ] ]
25 verbose addNamed [ 'jslint', '0.9.3' ]
26 verbose addNamed [ '0.9.3', '0.9.3' ]
27 silly lockFile 7abfffad-jslint-0-9-3 jslint@0.9.3
28 verbose lock jslint@0.9.3 /home/zackgolucky/.npm/7abfffad-jslint-0-9-3.lock
29 silly lockFile 3b192647-pmjs-org-jslint-jslint-0-9-3-tgz https://registry.npmjs.org/jslint/-/jslint-0.9.3.tgz
30 verbose lock https://registry.npmjs.org/jslint/-/jslint-0.9.3.tgz /home/zackgolucky/.npm/3b192647-pmjs-org-jslint-jslint-0-9-3-tgz.lock
31 verbose addRemoteTarball [ 'https://registry.npmjs.org/jslint/-/jslint-0.9.3.tgz',
31 verbose addRemoteTarball   'd9afa60875014c8009ce2788e6cf30c612830e6c' ]
32 info retry fetch attempt 1 at 03:10:21
33 verbose fetch to= /home/zackgolucky/tmp/npm-18958-9nvQWtCQ/1443928221634-0.5537117500789464/tmp.tgz
34 http GET https://registry.npmjs.org/jslint/-/jslint-0.9.3.tgz
35 http 200 https://registry.npmjs.org/jslint/-/jslint-0.9.3.tgz
36 verbose tar unpack /home/zackgolucky/tmp/npm-18958-9nvQWtCQ/1443928221634-0.5537117500789464/tmp.tgz
37 silly lockFile 75b6cad7-21634-0-5537117500789464-package tar:///home/zackgolucky/tmp/npm-18958-9nvQWtCQ/1443928221634-0.5537117500789464/package
38 verbose lock tar:///home/zackgolucky/tmp/npm-18958-9nvQWtCQ/1443928221634-0.5537117500789464/package /home/zackgolucky/.npm/75b6cad7-21634-0-5537117500789464-package.lock
39 silly lockFile af09fe5c-21634-0-5537117500789464-tmp-tgz tar:///home/zackgolucky/tmp/npm-18958-9nvQWtCQ/1443928221634-0.5537117500789464/tmp.tgz
40 verbose lock tar:///home/zackgolucky/tmp/npm-18958-9nvQWtCQ/1443928221634-0.5537117500789464/tmp.tgz /home/zackgolucky/.npm/af09fe5c-21634-0-5537117500789464-tmp-tgz.lock
41 silly gunzTarPerm modes [ '755', '644' ]
42 silly gunzTarPerm extractEntry package.json
43 silly gunzTarPerm extractEntry README.md
44 silly gunzTarPerm extractEntry LICENSE
45 silly gunzTarPerm extractEntry ChangeLog
46 silly gunzTarPerm extractEntry Makefile
47 silly gunzTarPerm extractEntry bin/jslint.js
48 silly gunzTarPerm modified mode [ 'bin/jslint.js', 510, 492 ]
49 silly gunzTarPerm extractEntry doc/jslint.html
50 silly gunzTarPerm extractEntry doc/jslint.md
51 silly gunzTarPerm extractEntry lib/collectorstream.js
52 silly gunzTarPerm extractEntry lib/jslint-2014-01-26.js
53 silly gunzTarPerm extractEntry lib/jslint-2014-02-06.js
54 silly gunzTarPerm extractEntry lib/jslint-2014-04-21.js
55 silly gunzTarPerm extractEntry lib/jslint-2013-11-23.js
56 silly gunzTarPerm extractEntry lib/reportstream.js
57 silly gunzTarPerm extractEntry lib/jslint-es5.js
58 silly gunzTarPerm extractEntry lib/jslint-es6.js
59 silly gunzTarPerm extractEntry lib/jslint-latest.js
60 silly gunzTarPerm extractEntry lib/jslint.js
61 silly gunzTarPerm extractEntry lib/jslint-2013-09-22.js
62 silly gunzTarPerm extractEntry lib/jsonreportstream.js
63 silly gunzTarPerm extractEntry lib/jslint-2013-08-26.js
64 silly gunzTarPerm extractEntry lib/linter.js
65 silly gunzTarPerm extractEntry lib/jslint-2013-08-13.js
66 silly gunzTarPerm extractEntry lib/lintstream.js
67 silly gunzTarPerm extractEntry lib/jslint-2013-02-03.js
68 silly gunzTarPerm extractEntry lib/main.js
69 silly gunzTarPerm extractEntry lib/jslint-2012-02-03.js
70 silly gunzTarPerm extractEntry lib/nodelint.js
71 silly gunzTarPerm extractEntry lib/fileopener.js
72 silly gunzTarPerm extractEntry lib/options.js
73 silly gunzTarPerm extractEntry lib/color.js
74 silly gunzTarPerm extractEntry lib/reporter.js
75 silly gunzTarPerm extractEntry lib/jslint-2014-07-08.js
76 silly gunzTarPerm extractEntry lib/stream.js
77 silly gunzTarPerm extractEntry lib/jslint-2015-05-08.js
78 silly gunzTarPerm extractEntry lib/collectorstream.js~
79 silly gunzTarPerm extractEntry man/jslint.1
80 silly lockFile 75b6cad7-21634-0-5537117500789464-package tar:///home/zackgolucky/tmp/npm-18958-9nvQWtCQ/1443928221634-0.5537117500789464/package
81 silly lockFile 75b6cad7-21634-0-5537117500789464-package tar:///home/zackgolucky/tmp/npm-18958-9nvQWtCQ/1443928221634-0.5537117500789464/package
82 silly lockFile af09fe5c-21634-0-5537117500789464-tmp-tgz tar:///home/zackgolucky/tmp/npm-18958-9nvQWtCQ/1443928221634-0.5537117500789464/tmp.tgz
83 silly lockFile af09fe5c-21634-0-5537117500789464-tmp-tgz tar:///home/zackgolucky/tmp/npm-18958-9nvQWtCQ/1443928221634-0.5537117500789464/tmp.tgz
84 verbose tar pack [ '/home/zackgolucky/.npm/jslint/0.9.3/package.tgz',
84 verbose tar pack   '/home/zackgolucky/tmp/npm-18958-9nvQWtCQ/1443928221634-0.5537117500789464/package' ]
85 verbose tarball /home/zackgolucky/.npm/jslint/0.9.3/package.tgz
86 verbose folder /home/zackgolucky/tmp/npm-18958-9nvQWtCQ/1443928221634-0.5537117500789464/package
87 silly lockFile 75b6cad7-21634-0-5537117500789464-package tar:///home/zackgolucky/tmp/npm-18958-9nvQWtCQ/1443928221634-0.5537117500789464/package
88 verbose lock tar:///home/zackgolucky/tmp/npm-18958-9nvQWtCQ/1443928221634-0.5537117500789464/package /home/zackgolucky/.npm/75b6cad7-21634-0-5537117500789464-package.lock
89 silly lockFile 0b624bd4-cky-npm-jslint-0-9-3-package-tgz tar:///home/zackgolucky/.npm/jslint/0.9.3/package.tgz
90 verbose lock tar:///home/zackgolucky/.npm/jslint/0.9.3/package.tgz /home/zackgolucky/.npm/0b624bd4-cky-npm-jslint-0-9-3-package-tgz.lock
91 silly lockFile 75b6cad7-21634-0-5537117500789464-package tar:///home/zackgolucky/tmp/npm-18958-9nvQWtCQ/1443928221634-0.5537117500789464/package
92 silly lockFile 75b6cad7-21634-0-5537117500789464-package tar:///home/zackgolucky/tmp/npm-18958-9nvQWtCQ/1443928221634-0.5537117500789464/package
93 silly lockFile 0b624bd4-cky-npm-jslint-0-9-3-package-tgz tar:///home/zackgolucky/.npm/jslint/0.9.3/package.tgz
94 silly lockFile 0b624bd4-cky-npm-jslint-0-9-3-package-tgz tar:///home/zackgolucky/.npm/jslint/0.9.3/package.tgz
95 silly lockFile 8bc4788b-golucky-npm-jslint-0-9-3-package /home/zackgolucky/.npm/jslint/0.9.3/package
96 verbose lock /home/zackgolucky/.npm/jslint/0.9.3/package /home/zackgolucky/.npm/8bc4788b-golucky-npm-jslint-0-9-3-package.lock
97 silly lockFile 8bc4788b-golucky-npm-jslint-0-9-3-package /home/zackgolucky/.npm/jslint/0.9.3/package
98 silly lockFile 8bc4788b-golucky-npm-jslint-0-9-3-package /home/zackgolucky/.npm/jslint/0.9.3/package
99 verbose tar unpack /home/zackgolucky/.npm/jslint/0.9.3/package.tgz
100 silly lockFile e5e6562c-golucky-npm-jslint-0-9-3-package tar:///home/zackgolucky/.npm/jslint/0.9.3/package
101 verbose lock tar:///home/zackgolucky/.npm/jslint/0.9.3/package /home/zackgolucky/.npm/e5e6562c-golucky-npm-jslint-0-9-3-package.lock
102 silly lockFile 0b624bd4-cky-npm-jslint-0-9-3-package-tgz tar:///home/zackgolucky/.npm/jslint/0.9.3/package.tgz
103 verbose lock tar:///home/zackgolucky/.npm/jslint/0.9.3/package.tgz /home/zackgolucky/.npm/0b624bd4-cky-npm-jslint-0-9-3-package-tgz.lock
104 silly gunzTarPerm modes [ '755', '644' ]
105 silly gunzTarPerm extractEntry package.json
106 silly gunzTarPerm extractEntry README.md
107 silly gunzTarPerm extractEntry Makefile
108 silly gunzTarPerm extractEntry bin/jslint.js
109 silly gunzTarPerm extractEntry doc/jslint.html
110 silly gunzTarPerm extractEntry doc/jslint.md
111 silly gunzTarPerm extractEntry lib/collectorstream.js
112 silly gunzTarPerm extractEntry lib/jslint-2014-01-26.js
113 silly gunzTarPerm extractEntry lib/jslint-2014-02-06.js
114 silly gunzTarPerm extractEntry lib/jslint-2014-04-21.js
115 silly gunzTarPerm extractEntry lib/jslint-2013-11-23.js
116 silly gunzTarPerm extractEntry lib/reportstream.js
117 silly gunzTarPerm extractEntry lib/jslint-es5.js
118 silly gunzTarPerm extractEntry lib/jslint-es6.js
119 silly gunzTarPerm extractEntry lib/jslint-latest.js
120 silly gunzTarPerm extractEntry lib/jslint.js
121 silly gunzTarPerm extractEntry lib/jslint-2013-09-22.js
122 silly gunzTarPerm extractEntry lib/jsonreportstream.js
123 silly gunzTarPerm extractEntry lib/jslint-2013-08-26.js
124 silly gunzTarPerm extractEntry lib/linter.js
125 silly gunzTarPerm extractEntry lib/jslint-2013-08-13.js
126 silly gunzTarPerm extractEntry lib/lintstream.js
127 silly gunzTarPerm extractEntry lib/jslint-2013-02-03.js
128 silly gunzTarPerm extractEntry lib/main.js
129 silly gunzTarPerm extractEntry lib/jslint-2012-02-03.js
130 silly gunzTarPerm extractEntry lib/nodelint.js
131 silly gunzTarPerm extractEntry lib/fileopener.js
132 silly gunzTarPerm extractEntry lib/options.js
133 silly gunzTarPerm extractEntry lib/color.js
134 silly gunzTarPerm extractEntry lib/reporter.js
135 silly gunzTarPerm extractEntry lib/jslint-2014-07-08.js
136 silly gunzTarPerm extractEntry lib/stream.js
137 silly gunzTarPerm extractEntry lib/jslint-2015-05-08.js
138 silly gunzTarPerm extractEntry lib/collectorstream.js~
139 silly gunzTarPerm extractEntry man/jslint.1
140 silly lockFile e5e6562c-golucky-npm-jslint-0-9-3-package tar:///home/zackgolucky/.npm/jslint/0.9.3/package
141 silly lockFile e5e6562c-golucky-npm-jslint-0-9-3-package tar:///home/zackgolucky/.npm/jslint/0.9.3/package
142 silly lockFile 0b624bd4-cky-npm-jslint-0-9-3-package-tgz tar:///home/zackgolucky/.npm/jslint/0.9.3/package.tgz
143 silly lockFile 0b624bd4-cky-npm-jslint-0-9-3-package-tgz tar:///home/zackgolucky/.npm/jslint/0.9.3/package.tgz
144 verbose chmod /home/zackgolucky/.npm/jslint/0.9.3/package.tgz 644
145 verbose chown /home/zackgolucky/.npm/jslint/0.9.3/package.tgz [ 1001, 1001 ]
146 silly lockFile 3b192647-pmjs-org-jslint-jslint-0-9-3-tgz https://registry.npmjs.org/jslint/-/jslint-0.9.3.tgz
147 silly lockFile 3b192647-pmjs-org-jslint-jslint-0-9-3-tgz https://registry.npmjs.org/jslint/-/jslint-0.9.3.tgz
148 silly lockFile 7abfffad-jslint-0-9-3 jslint@0.9.3
149 silly lockFile 7abfffad-jslint-0-9-3 jslint@0.9.3
150 silly lockFile 564fcf84-jslint jslint@
151 silly lockFile 564fcf84-jslint jslint@
152 silly resolved [ { name: 'jslint',
152 silly resolved     description: 'The JavaScript Code Quality Tool',
152 silly resolved     homepage: 'https://github.com/reid/node-jslint',
152 silly resolved     keywords:
152 silly resolved      [ 'lint',
152 silly resolved        'jslint',
152 silly resolved        'code-quality',
152 silly resolved        'static-analysis',
152 silly resolved        'jshint',
152 silly resolved        'eslint' ],
152 silly resolved     version: '0.9.3',
152 silly resolved     author: { name: 'Reid Burke', email: 'me@reidburke.com' },
152 silly resolved     contributors:
152 silly resolved      [ [Object],
152 silly resolved        [Object],
152 silly resolved        [Object],
152 silly resolved        [Object],
152 silly resolved        [Object],
152 silly resolved        [Object],
152 silly resolved        [Object],
152 silly resolved        [Object],
152 silly resolved        [Object],
152 silly resolved        [Object],
152 silly resolved        [Object],
152 silly resolved        [Object],
152 silly resolved        [Object],
152 silly resolved        [Object] ],
152 silly resolved     bin: { jslint: './bin/jslint.js' },
152 silly resolved     main: './lib/nodelint.js',
152 silly resolved     dependencies:
152 silly resolved      { exit: '~0.1.2',
152 silly resolved        glob: '^4.3.5',
152 silly resolved        nopt: '~3.0.1',
152 silly resolved        'readable-stream': '~1.0.31' },
152 silly resolved     devDependencies:
152 silly resolved      { 'fs.extra': '^1.3.2',
152 silly resolved        istanbul: '^0.3.5',
152 silly resolved        mocha: '^2.1.0',
152 silly resolved        ronn: '0.4.0' },
152 silly resolved     engines: { node: '>=0.8.0' },
152 silly resolved     files: [ 'man', 'doc', 'lib', 'bin', 'jslintrc.example', 'Makefile' ],
152 silly resolved     directories: { lib: './lib', man: './man', doc: './doc' },
152 silly resolved     man: [ 'man/jslint.1' ],
152 silly resolved     repository: { type: 'git', url: 'git://github.com/reid/node-jslint.git' },
152 silly resolved     bugs: { url: 'https://github.com/reid/node-jslint/issues' },
152 silly resolved     licenses: [ [Object] ],
152 silly resolved     scripts: { test: 'make test', mypublish: 'make prepublish; npm publish' },
152 silly resolved     readme: '## node-jslint\n\nEasily use [JSLint][] from the command line.\n\n    jslint bin/jslint.js\n\n## What\'s New\n\nAdded latest jslint, 2014-07-08.\n\nVersion 0.7.0 creates a new programmatic interface which is used by\nhttps://github.com/hapijs/lab\n\nVersion 0.5.1 fixes a regression which crashes jslint when more than\nmaxerr errors are in a single file.  Thanks to Vasil Velichkov\n(@velichkov) for pointing this out.\n\nVersion 0.5.0 reorganizes the loading interface, making it easier for\nother projects to use node-jslint to load a specific jslint edition.\n\nVersion 0.4.0 exposes a stream interface to jslint.\n\nVersion 0.3.4 supports globbing with * and ** expressions.\n\nVersions 0.2+ provide multiple editions of jslint to\naddress backwards and forwards compatibility.\n\n## Use the command-line client\n\n### Use the default jslint\n\n    jslint lib/color.js\n\n### Always use the latest jslint\n\n    jslint --edition=latest lib/color.js\n\n### Use a specific edition\n\nFor example, edition 2013-02-03 which shipped with node-jslint 0.1.9:\n\n    jslint --edition=2013-02-03 lib/color.js\n\n## Use node-jslint programmatically\n\n### Streams interface\n\nAs of node-jslint 0.4.0, a streams interface is exposed.  You can use it in client code like this:\n\nInstall as a dependency:\n\n    $ npm install --save jslint\n\nPull it into your code with require:\n\n    var LintStream = require(\'jslint\').LintStream;\n\nCreate and configure the stream linter:\n\n    var options = {\n        "edition": "latest",\n        "length": 100\n    },\n        l = new LintStream(options);\n\nSend files to the linter:\n\n    var fileName, fileContents;\n    l.write({file: fileName, body: fileContents});\n\nReceive lint from the linter:\n\n    l.on(\'data\', function (chunk, encoding, callback) {\n        // chunk is an object\n\n        // chunk.file is whatever you supplied to write (see above)\n        assert.deepEqual(chunk.file, fileName);\n\n        // chunk.linted is an object holding the result from running JSLint\n        // chunk.linted.ok is the boolean return code from JSLINT()\n        // chunk.linted.errors is the array of errors, etc.\n        // see JSLINT for the complete contents of the object\n\n        callback();\n    });\n\nYou can only pass options to the LintStream when creating it.  The `edition` option can be\nused to select different editions of JSLint.\n\nThe LintStream is in object mode (objectMode: true).  It expects an\nobject with two properties: `file` and `body`.  The `file` property\ncan be used to pass metadata along with the file.  The `body` property\ncontains the file to be linted; it can be either a string or a Buffer.\n\nThe LintStream emits `\'data\'` events containing an object with two properties.\nThe `file` property is copied from the `file` property that is passed in.  The\n`linted` property contains the results of running JSLINT.\n\n### Simple interface\n\nThe simple interface provides an edition-aware loader.  This can be used as a frontend to\nnode-jslint\'s collection of editions of the JSLINT code.\n\n    var node_jslint = require(\'jslint\'),\n        JSLINT = node_jslint.load(edition);\n\nThis exposes the same loading interface used in node-jslint, so it supports the special\nedition names `default` and `latest` as well as date-based edition names such as `2013-08-26`\n\nAs of version 0.5.0, the `load` function also accepts filenames.  To be recognized as a filename,\nthe argument to load must contain a path-separator character (`/` or `\\`) or end with the extension\n`.js`.\n\n\n## Usage examples\n\nMultiple files\n\n    jslint lib/color.js lib/reporter.js\n\nAll JSLint options supported\n\n    jslint --white --vars --regexp lib/color.js\n\nDefaults to true, but you can specify false\n\n    jslint --bitwise false lib/color.js\n\nPass arrays\n\n    jslint --predef $ --predef Backbone lib/color.js\n\nJSLint your entire project\n\n    jslint \'**/*.js\'\n\nUsing JSLint with a config file\n\nStart with the included jslint.conf.example file and customize your options\nper project or copy it to $HOME/.jslint.conf to apply your setting globally\n\n## License\n\nSee LICENSE file.\n\n[JSLint]: http://jslint.com/\n',
152 silly resolved     readmeFilename: 'README.md',
152 silly resolved     _id: 'jslint@0.9.3',
152 silly resolved     dist: { shasum: 'c6c1d9a7bd6c158a01d8b1e8268947d30560658f' },
152 silly resolved     _from: 'jslint@',
152 silly resolved     _resolved: 'https://registry.npmjs.org/jslint/-/jslint-0.9.3.tgz' } ]
153 info install jslint@0.9.3 into /usr/local/lib
154 info installOne jslint@0.9.3
155 info /usr/local/lib/node_modules/jslint unbuild
156 verbose tar unpack /home/zackgolucky/.npm/jslint/0.9.3/package.tgz
157 silly lockFile b658dde3-sr-local-lib-node-modules-jslint tar:///usr/local/lib/node_modules/jslint
158 verbose lock tar:///usr/local/lib/node_modules/jslint /home/zackgolucky/.npm/b658dde3-sr-local-lib-node-modules-jslint.lock
159 silly lockFile 0b624bd4-cky-npm-jslint-0-9-3-package-tgz tar:///home/zackgolucky/.npm/jslint/0.9.3/package.tgz
160 verbose lock tar:///home/zackgolucky/.npm/jslint/0.9.3/package.tgz /home/zackgolucky/.npm/0b624bd4-cky-npm-jslint-0-9-3-package-tgz.lock
161 silly gunzTarPerm modes [ '755', '644' ]
162 error Error: EACCES, mkdir '/usr/local/lib/node_modules'
162 error  { [Error: EACCES, mkdir '/usr/local/lib/node_modules']
162 error   errno: 3,
162 error   code: 'EACCES',
162 error   path: '/usr/local/lib/node_modules',
162 error   fstream_type: 'Directory',
162 error   fstream_path: '/usr/local/lib/node_modules/jslint',
162 error   fstream_class: 'DirWriter',
162 error   fstream_stack:
162 error    [ '/usr/lib/nodejs/fstream/lib/writer.js:171:23',
162 error      '/usr/lib/nodejs/mkdirp/index.js:37:53',
162 error      'Object.oncomplete (fs.js:107:15)' ] }
163 error Please try running this command again as root/Administrator.
164 error System Linux 3.19.0-28-generic
165 error command "/usr/bin/nodejs" "/usr/bin/npm" "install" "-g" "jslint"
166 error cwd /home/zackgolucky/open-budget
167 error node -v v0.10.25
168 error npm -v 1.3.10
169 error path /usr/local/lib/node_modules
170 error fstream_path /usr/local/lib/node_modules/jslint
171 error fstream_type Directory
172 error fstream_class DirWriter
173 error code EACCES
174 error errno 3
175 error stack Error: EACCES, mkdir '/usr/local/lib/node_modules'
176 error fstream_stack /usr/lib/nodejs/fstream/lib/writer.js:171:23
176 error fstream_stack /usr/lib/nodejs/mkdirp/index.js:37:53
176 error fstream_stack Object.oncomplete (fs.js:107:15)
177 verbose exit [ 3, true ]
